{"/home/shield/SUMMER2024/COSC4353-Project/server/mongoConnect.js": {"path":"/home/shield/SUMMER2024/COSC4353-Project/server/mongoConnect.js","statementMap":{"0":{"start":{"line":3,"column":12},"end":{"line":3,"column":112}},"1":{"start":{"line":4,"column":15},"end":{"line":4,"column":88}},"2":{"start":{"line":8,"column":26},"end":{"line":20,"column":1}},"3":{"start":{"line":9,"column":2},"end":{"line":19,"column":3}},"4":{"start":{"line":10,"column":4},"end":{"line":14,"column":5}},"5":{"start":{"line":11,"column":6},"end":{"line":11,"column":29}},"6":{"start":{"line":12,"column":6},"end":{"line":12,"column":33}},"7":{"start":{"line":13,"column":6},"end":{"line":13,"column":43}},"8":{"start":{"line":15,"column":4},"end":{"line":15,"column":14}},"9":{"start":{"line":17,"column":4},"end":{"line":17,"column":58}},"10":{"start":{"line":18,"column":4},"end":{"line":18,"column":12}}},"fnMap":{"0":{"name":"(anonymous_0)","decl":{"start":{"line":8,"column":26},"end":{"line":8,"column":27}},"loc":{"start":{"line":8,"column":38},"end":{"line":20,"column":1}},"line":8}},"branchMap":{"0":{"loc":{"start":{"line":10,"column":4},"end":{"line":14,"column":5}},"type":"if","locations":[{"start":{"line":10,"column":4},"end":{"line":14,"column":5}},{"start":{},"end":{}}],"line":10}},"s":{"0":8,"1":8,"2":8,"3":43,"4":43,"5":8,"6":8,"7":8,"8":43,"9":0,"10":0},"f":{"0":43},"b":{"0":[8,35]},"_coverageSchema":"1a1c01bbd47fc00a2c39e90264f33305004495a9","hash":"015962e071b72b64e40050d3ab1354981b520c22"}
,"/home/shield/SUMMER2024/COSC4353-Project/server/controllers/reportsController.js": {"path":"/home/shield/SUMMER2024/COSC4353-Project/server/controllers/reportsController.js","statementMap":{"0":{"start":{"line":7,"column":33},"end":{"line":27,"column":1}},"1":{"start":{"line":8,"column":20},"end":{"line":8,"column":78}},"2":{"start":{"line":9,"column":18},"end":{"line":9,"column":20}},"3":{"start":{"line":11,"column":2},"end":{"line":24,"column":5}},"4":{"start":{"line":12,"column":4},"end":{"line":23,"column":7}},"5":{"start":{"line":13,"column":27},"end":{"line":13,"column":67}},"6":{"start":{"line":13,"column":44},"end":{"line":13,"column":66}},"7":{"start":{"line":14,"column":6},"end":{"line":22,"column":7}},"8":{"start":{"line":15,"column":8},"end":{"line":21,"column":11}},"9":{"start":{"line":26,"column":2},"end":{"line":26,"column":56}},"10":{"start":{"line":30,"column":33},"end":{"line":49,"column":1}},"11":{"start":{"line":31,"column":14},"end":{"line":31,"column":31}},"12":{"start":{"line":33,"column":2},"end":{"line":46,"column":5}},"13":{"start":{"line":34,"column":4},"end":{"line":34,"column":52}},"14":{"start":{"line":35,"column":4},"end":{"line":35,"column":50}},"15":{"start":{"line":36,"column":4},"end":{"line":36,"column":46}},"16":{"start":{"line":38,"column":4},"end":{"line":43,"column":7}},"17":{"start":{"line":39,"column":27},"end":{"line":39,"column":67}},"18":{"start":{"line":39,"column":44},"end":{"line":39,"column":66}},"19":{"start":{"line":40,"column":6},"end":{"line":42,"column":7}},"20":{"start":{"line":41,"column":8},"end":{"line":41,"column":81}},"21":{"start":{"line":45,"column":4},"end":{"line":45,"column":18}},"22":{"start":{"line":48,"column":2},"end":{"line":48,"column":13}},"23":{"start":{"line":52,"column":38},"end":{"line":73,"column":1}},"24":{"start":{"line":53,"column":20},"end":{"line":53,"column":100}},"25":{"start":{"line":54,"column":18},"end":{"line":54,"column":20}},"26":{"start":{"line":56,"column":2},"end":{"line":70,"column":5}},"27":{"start":{"line":57,"column":25},"end":{"line":60,"column":17}},"28":{"start":{"line":58,"column":22},"end":{"line":58,"column":75}},"29":{"start":{"line":58,"column":52},"end":{"line":58,"column":74}},"30":{"start":{"line":59,"column":19},"end":{"line":59,"column":32}},"31":{"start":{"line":62,"column":4},"end":{"line":69,"column":7}},"32":{"start":{"line":72,"column":2},"end":{"line":72,"column":47}},"33":{"start":{"line":76,"column":38},"end":{"line":96,"column":1}},"34":{"start":{"line":77,"column":14},"end":{"line":77,"column":31}},"35":{"start":{"line":79,"column":2},"end":{"line":93,"column":5}},"36":{"start":{"line":80,"column":4},"end":{"line":80,"column":55}},"37":{"start":{"line":81,"column":4},"end":{"line":81,"column":49}},"38":{"start":{"line":82,"column":4},"end":{"line":82,"column":57}},"39":{"start":{"line":83,"column":4},"end":{"line":83,"column":63}},"40":{"start":{"line":84,"column":4},"end":{"line":84,"column":43}},"41":{"start":{"line":86,"column":4},"end":{"line":90,"column":7}},"42":{"start":{"line":87,"column":6},"end":{"line":89,"column":7}},"43":{"start":{"line":87,"column":40},"end":{"line":87,"column":62}},"44":{"start":{"line":88,"column":8},"end":{"line":88,"column":53}},"45":{"start":{"line":92,"column":4},"end":{"line":92,"column":18}},"46":{"start":{"line":95,"column":2},"end":{"line":95,"column":13}}},"fnMap":{"0":{"name":"(anonymous_0)","decl":{"start":{"line":7,"column":33},"end":{"line":7,"column":34}},"loc":{"start":{"line":7,"column":52},"end":{"line":27,"column":1}},"line":7},"1":{"name":"(anonymous_1)","decl":{"start":{"line":11,"column":16},"end":{"line":11,"column":17}},"loc":{"start":{"line":11,"column":24},"end":{"line":24,"column":3}},"line":11},"2":{"name":"(anonymous_2)","decl":{"start":{"line":12,"column":32},"end":{"line":12,"column":33}},"loc":{"start":{"line":12,"column":41},"end":{"line":23,"column":5}},"line":12},"3":{"name":"(anonymous_3)","decl":{"start":{"line":13,"column":39},"end":{"line":13,"column":40}},"loc":{"start":{"line":13,"column":44},"end":{"line":13,"column":66}},"line":13},"4":{"name":"(anonymous_4)","decl":{"start":{"line":30,"column":33},"end":{"line":30,"column":34}},"loc":{"start":{"line":30,"column":52},"end":{"line":49,"column":1}},"line":30},"5":{"name":"(anonymous_5)","decl":{"start":{"line":33,"column":16},"end":{"line":33,"column":17}},"loc":{"start":{"line":33,"column":24},"end":{"line":46,"column":3}},"line":33},"6":{"name":"(anonymous_6)","decl":{"start":{"line":38,"column":32},"end":{"line":38,"column":33}},"loc":{"start":{"line":38,"column":41},"end":{"line":43,"column":5}},"line":38},"7":{"name":"(anonymous_7)","decl":{"start":{"line":39,"column":39},"end":{"line":39,"column":40}},"loc":{"start":{"line":39,"column":44},"end":{"line":39,"column":66}},"line":39},"8":{"name":"(anonymous_8)","decl":{"start":{"line":52,"column":38},"end":{"line":52,"column":39}},"loc":{"start":{"line":52,"column":57},"end":{"line":73,"column":1}},"line":52},"9":{"name":"(anonymous_9)","decl":{"start":{"line":56,"column":17},"end":{"line":56,"column":18}},"loc":{"start":{"line":56,"column":26},"end":{"line":70,"column":3}},"line":56},"10":{"name":"(anonymous_10)","decl":{"start":{"line":58,"column":14},"end":{"line":58,"column":15}},"loc":{"start":{"line":58,"column":22},"end":{"line":58,"column":75}},"line":58},"11":{"name":"(anonymous_11)","decl":{"start":{"line":58,"column":47},"end":{"line":58,"column":48}},"loc":{"start":{"line":58,"column":52},"end":{"line":58,"column":74}},"line":58},"12":{"name":"(anonymous_12)","decl":{"start":{"line":59,"column":11},"end":{"line":59,"column":12}},"loc":{"start":{"line":59,"column":19},"end":{"line":59,"column":32}},"line":59},"13":{"name":"(anonymous_13)","decl":{"start":{"line":76,"column":38},"end":{"line":76,"column":39}},"loc":{"start":{"line":76,"column":57},"end":{"line":96,"column":1}},"line":76},"14":{"name":"(anonymous_14)","decl":{"start":{"line":79,"column":17},"end":{"line":79,"column":18}},"loc":{"start":{"line":79,"column":26},"end":{"line":93,"column":3}},"line":79},"15":{"name":"(anonymous_15)","decl":{"start":{"line":86,"column":18},"end":{"line":86,"column":19}},"loc":{"start":{"line":86,"column":26},"end":{"line":90,"column":5}},"line":86},"16":{"name":"(anonymous_16)","decl":{"start":{"line":87,"column":35},"end":{"line":87,"column":36}},"loc":{"start":{"line":87,"column":40},"end":{"line":87,"column":62}},"line":87}},"branchMap":{"0":{"loc":{"start":{"line":14,"column":6},"end":{"line":22,"column":7}},"type":"if","locations":[{"start":{"line":14,"column":6},"end":{"line":22,"column":7}},{"start":{},"end":{}}],"line":14},"1":{"loc":{"start":{"line":40,"column":6},"end":{"line":42,"column":7}},"type":"if","locations":[{"start":{"line":40,"column":6},"end":{"line":42,"column":7}},{"start":{},"end":{}}],"line":40},"2":{"loc":{"start":{"line":68,"column":20},"end":{"line":68,"column":42}},"type":"binary-expr","locations":[{"start":{"line":68,"column":20},"end":{"line":68,"column":32}},{"start":{"line":68,"column":36},"end":{"line":68,"column":42}}],"line":68},"3":{"loc":{"start":{"line":87,"column":6},"end":{"line":89,"column":7}},"type":"if","locations":[{"start":{"line":87,"column":6},"end":{"line":89,"column":7}},{"start":{},"end":{}}],"line":87}},"s":{"0":1,"1":2,"2":2,"3":2,"4":2,"5":2,"6":2,"7":2,"8":2,"9":2,"10":1,"11":1,"12":1,"13":1,"14":1,"15":1,"16":1,"17":1,"18":1,"19":1,"20":1,"21":1,"22":1,"23":1,"24":1,"25":1,"26":1,"27":1,"28":1,"29":1,"30":1,"31":1,"32":1,"33":1,"34":1,"35":1,"36":1,"37":1,"38":1,"39":1,"40":1,"41":1,"42":1,"43":1,"44":1,"45":1,"46":1},"f":{"0":2,"1":2,"2":2,"3":2,"4":1,"5":1,"6":1,"7":1,"8":1,"9":1,"10":1,"11":1,"12":1,"13":1,"14":1,"15":1,"16":1},"b":{"0":[2,0],"1":[1,0],"2":[1,0],"3":[1,0]},"_coverageSchema":"1a1c01bbd47fc00a2c39e90264f33305004495a9","hash":"f43456a9fc179f1fa3dbb835df7932f05fc769b2"}
,"/home/shield/SUMMER2024/COSC4353-Project/server/routes/adminHistoryRoutes.js": {"path":"/home/shield/SUMMER2024/COSC4353-Project/server/routes/adminHistoryRoutes.js","statementMap":{"0":{"start":{"line":5,"column":15},"end":{"line":5,"column":31}},"1":{"start":{"line":7,"column":0},"end":{"line":17,"column":3}},"2":{"start":{"line":8,"column":2},"end":{"line":16,"column":3}},"3":{"start":{"line":9,"column":15},"end":{"line":9,"column":40}},"4":{"start":{"line":10,"column":23},"end":{"line":10,"column":46}},"5":{"start":{"line":11,"column":19},"end":{"line":11,"column":69}},"6":{"start":{"line":12,"column":4},"end":{"line":12,"column":33}},"7":{"start":{"line":14,"column":4},"end":{"line":14,"column":47}},"8":{"start":{"line":15,"column":4},"end":{"line":15,"column":81}},"9":{"start":{"line":20,"column":0},"end":{"line":38,"column":3}},"10":{"start":{"line":21,"column":22},"end":{"line":21,"column":32}},"11":{"start":{"line":22,"column":2},"end":{"line":37,"column":3}},"12":{"start":{"line":23,"column":15},"end":{"line":23,"column":40}},"13":{"start":{"line":24,"column":28},"end":{"line":24,"column":50}},"14":{"start":{"line":25,"column":25},"end":{"line":27,"column":41}},"15":{"start":{"line":29,"column":4},"end":{"line":33,"column":5}},"16":{"start":{"line":30,"column":6},"end":{"line":30,"column":68}},"17":{"start":{"line":30,"column":52},"end":{"line":30,"column":65}},"18":{"start":{"line":32,"column":6},"end":{"line":32,"column":80}},"19":{"start":{"line":35,"column":4},"end":{"line":35,"column":53}},"20":{"start":{"line":36,"column":4},"end":{"line":36,"column":87}}},"fnMap":{"0":{"name":"(anonymous_0)","decl":{"start":{"line":7,"column":22},"end":{"line":7,"column":23}},"loc":{"start":{"line":7,"column":42},"end":{"line":17,"column":1}},"line":7},"1":{"name":"(anonymous_1)","decl":{"start":{"line":20,"column":37},"end":{"line":20,"column":38}},"loc":{"start":{"line":20,"column":57},"end":{"line":38,"column":1}},"line":20},"2":{"name":"(anonymous_2)","decl":{"start":{"line":30,"column":44},"end":{"line":30,"column":45}},"loc":{"start":{"line":30,"column":52},"end":{"line":30,"column":65}},"line":30}},"branchMap":{"0":{"loc":{"start":{"line":29,"column":4},"end":{"line":33,"column":5}},"type":"if","locations":[{"start":{"line":29,"column":4},"end":{"line":33,"column":5}},{"start":{"line":31,"column":11},"end":{"line":33,"column":5}}],"line":29}},"s":{"0":1,"1":1,"2":1,"3":1,"4":1,"5":1,"6":1,"7":0,"8":0,"9":1,"10":2,"11":2,"12":2,"13":2,"14":2,"15":2,"16":1,"17":4,"18":1,"19":0,"20":0},"f":{"0":1,"1":2,"2":4},"b":{"0":[1,1]},"_coverageSchema":"1a1c01bbd47fc00a2c39e90264f33305004495a9","hash":"58b82abc7f349c59dc1a9ddeb490b3caf99b0819"}
,"/home/shield/SUMMER2024/COSC4353-Project/server/routes/authRoutes.js": {"path":"/home/shield/SUMMER2024/COSC4353-Project/server/routes/authRoutes.js","statementMap":{"0":{"start":{"line":8,"column":15},"end":{"line":8,"column":31}},"1":{"start":{"line":10,"column":18},"end":{"line":10,"column":29}},"2":{"start":{"line":11,"column":21},"end":{"line":11,"column":25}},"3":{"start":{"line":14,"column":20},"end":{"line":20,"column":2}},"4":{"start":{"line":23,"column":0},"end":{"line":103,"column":3}},"5":{"start":{"line":28,"column":17},"end":{"line":28,"column":38}},"6":{"start":{"line":29,"column":2},"end":{"line":31,"column":3}},"7":{"start":{"line":30,"column":4},"end":{"line":30,"column":60}},"8":{"start":{"line":32,"column":40},"end":{"line":32,"column":48}},"9":{"start":{"line":34,"column":2},"end":{"line":102,"column":3}},"10":{"start":{"line":35,"column":15},"end":{"line":35,"column":40}},"11":{"start":{"line":36,"column":28},"end":{"line":36,"column":50}},"12":{"start":{"line":38,"column":23},"end":{"line":38,"column":63}},"13":{"start":{"line":40,"column":4},"end":{"line":42,"column":5}},"14":{"start":{"line":41,"column":6},"end":{"line":41,"column":70}},"15":{"start":{"line":45,"column":21},"end":{"line":45,"column":76}},"16":{"start":{"line":46,"column":22},"end":{"line":46,"column":52}},"17":{"start":{"line":49,"column":20},"end":{"line":68,"column":5}},"18":{"start":{"line":70,"column":19},"end":{"line":70,"column":59}},"19":{"start":{"line":73,"column":18},"end":{"line":73,"column":96}},"20":{"start":{"line":75,"column":28},"end":{"line":75,"column":88}},"21":{"start":{"line":76,"column":24},"end":{"line":81,"column":5}},"22":{"start":{"line":83,"column":4},"end":{"line":98,"column":7}},"23":{"start":{"line":84,"column":6},"end":{"line":87,"column":7}},"24":{"start":{"line":85,"column":8},"end":{"line":85,"column":53}},"25":{"start":{"line":86,"column":8},"end":{"line":86,"column":85}},"26":{"start":{"line":88,"column":6},"end":{"line":88,"column":48}},"27":{"start":{"line":89,"column":6},"end":{"line":97,"column":9}},"28":{"start":{"line":100,"column":4},"end":{"line":100,"column":48}},"29":{"start":{"line":101,"column":4},"end":{"line":101,"column":86}},"30":{"start":{"line":106,"column":0},"end":{"line":132,"column":3}},"31":{"start":{"line":107,"column":20},"end":{"line":107,"column":29}},"32":{"start":{"line":109,"column":2},"end":{"line":131,"column":3}},"33":{"start":{"line":111,"column":20},"end":{"line":111,"column":48}},"34":{"start":{"line":112,"column":30},"end":{"line":112,"column":37}},"35":{"start":{"line":114,"column":15},"end":{"line":114,"column":40}},"36":{"start":{"line":115,"column":28},"end":{"line":115,"column":50}},"37":{"start":{"line":118,"column":19},"end":{"line":121,"column":5}},"38":{"start":{"line":123,"column":4},"end":{"line":127,"column":5}},"39":{"start":{"line":124,"column":6},"end":{"line":124,"column":92}},"40":{"start":{"line":126,"column":6},"end":{"line":126,"column":79}},"41":{"start":{"line":129,"column":4},"end":{"line":129,"column":47}},"42":{"start":{"line":130,"column":4},"end":{"line":130,"column":81}},"43":{"start":{"line":136,"column":0},"end":{"line":165,"column":3}},"44":{"start":{"line":137,"column":30},"end":{"line":137,"column":38}},"45":{"start":{"line":138,"column":2},"end":{"line":164,"column":3}},"46":{"start":{"line":139,"column":15},"end":{"line":139,"column":40}},"47":{"start":{"line":140,"column":28},"end":{"line":140,"column":50}},"48":{"start":{"line":143,"column":17},"end":{"line":143,"column":67}},"49":{"start":{"line":145,"column":4},"end":{"line":160,"column":5}},"50":{"start":{"line":146,"column":6},"end":{"line":148,"column":7}},"51":{"start":{"line":147,"column":8},"end":{"line":147,"column":97}},"52":{"start":{"line":149,"column":6},"end":{"line":157,"column":9}},"53":{"start":{"line":159,"column":6},"end":{"line":159,"column":63}},"54":{"start":{"line":162,"column":4},"end":{"line":162,"column":47}},"55":{"start":{"line":163,"column":4},"end":{"line":163,"column":85}}},"fnMap":{"0":{"name":"(anonymous_0)","decl":{"start":{"line":27,"column":3},"end":{"line":27,"column":4}},"loc":{"start":{"line":27,"column":23},"end":{"line":103,"column":1}},"line":27},"1":{"name":"(anonymous_1)","decl":{"start":{"line":83,"column":38},"end":{"line":83,"column":39}},"loc":{"start":{"line":83,"column":55},"end":{"line":98,"column":5}},"line":83},"2":{"name":"(anonymous_2)","decl":{"start":{"line":106,"column":28},"end":{"line":106,"column":29}},"loc":{"start":{"line":106,"column":48},"end":{"line":132,"column":1}},"line":106},"3":{"name":"(anonymous_3)","decl":{"start":{"line":136,"column":22},"end":{"line":136,"column":23}},"loc":{"start":{"line":136,"column":42},"end":{"line":165,"column":1}},"line":136}},"branchMap":{"0":{"loc":{"start":{"line":29,"column":2},"end":{"line":31,"column":3}},"type":"if","locations":[{"start":{"line":29,"column":2},"end":{"line":31,"column":3}},{"start":{},"end":{}}],"line":29},"1":{"loc":{"start":{"line":40,"column":4},"end":{"line":42,"column":5}},"type":"if","locations":[{"start":{"line":40,"column":4},"end":{"line":42,"column":5}},{"start":{},"end":{}}],"line":40},"2":{"loc":{"start":{"line":46,"column":22},"end":{"line":46,"column":52}},"type":"cond-expr","locations":[{"start":{"line":46,"column":33},"end":{"line":46,"column":48}},{"start":{"line":46,"column":51},"end":{"line":46,"column":52}}],"line":46},"3":{"loc":{"start":{"line":84,"column":6},"end":{"line":87,"column":7}},"type":"if","locations":[{"start":{"line":84,"column":6},"end":{"line":87,"column":7}},{"start":{},"end":{}}],"line":84},"4":{"loc":{"start":{"line":123,"column":4},"end":{"line":127,"column":5}},"type":"if","locations":[{"start":{"line":123,"column":4},"end":{"line":127,"column":5}},{"start":{"line":125,"column":11},"end":{"line":127,"column":5}}],"line":123},"5":{"loc":{"start":{"line":145,"column":4},"end":{"line":160,"column":5}},"type":"if","locations":[{"start":{"line":145,"column":4},"end":{"line":160,"column":5}},{"start":{"line":158,"column":11},"end":{"line":160,"column":5}}],"line":145},"6":{"loc":{"start":{"line":146,"column":6},"end":{"line":148,"column":7}},"type":"if","locations":[{"start":{"line":146,"column":6},"end":{"line":148,"column":7}},{"start":{},"end":{}}],"line":146}},"s":{"0":1,"1":1,"2":1,"3":1,"4":1,"5":5,"6":5,"7":1,"8":4,"9":4,"10":4,"11":4,"12":4,"13":4,"14":2,"15":2,"16":2,"17":2,"18":2,"19":2,"20":2,"21":2,"22":2,"23":2,"24":0,"25":0,"26":2,"27":2,"28":0,"29":0,"30":1,"31":4,"32":4,"33":4,"34":2,"35":2,"36":2,"37":2,"38":2,"39":0,"40":2,"41":2,"42":2,"43":1,"44":3,"45":3,"46":3,"47":3,"48":3,"49":3,"50":2,"51":1,"52":1,"53":1,"54":0,"55":0},"f":{"0":5,"1":2,"2":4,"3":3},"b":{"0":[1,4],"1":[2,2],"2":[2,0],"3":[0,2],"4":[0,2],"5":[2,1],"6":[1,1]},"_coverageSchema":"1a1c01bbd47fc00a2c39e90264f33305004495a9","hash":"67ea5831f3ef7f23f631dec93fba472edb56e4cf"}
,"/home/shield/SUMMER2024/COSC4353-Project/server/routes/eventRoutes.js": {"path":"/home/shield/SUMMER2024/COSC4353-Project/server/routes/eventRoutes.js","statementMap":{"0":{"start":{"line":5,"column":15},"end":{"line":5,"column":31}},"1":{"start":{"line":7,"column":27},"end":{"line":14,"column":1}},"2":{"start":{"line":8,"column":2},"end":{"line":13,"column":3}},"3":{"start":{"line":9,"column":12},"end":{"line":9,"column":25}},"4":{"start":{"line":10,"column":12},"end":{"line":10,"column":28}},"5":{"start":{"line":11,"column":12},"end":{"line":11,"column":26}},"6":{"start":{"line":12,"column":13},"end":{"line":12,"column":30}},"7":{"start":{"line":17,"column":0},"end":{"line":75,"column":3}},"8":{"start":{"line":18,"column":88},"end":{"line":18,"column":96}},"9":{"start":{"line":20,"column":2},"end":{"line":74,"column":3}},"10":{"start":{"line":21,"column":15},"end":{"line":21,"column":40}},"11":{"start":{"line":22,"column":29},"end":{"line":22,"column":52}},"12":{"start":{"line":23,"column":28},"end":{"line":23,"column":50}},"13":{"start":{"line":24,"column":29},"end":{"line":24,"column":52}},"14":{"start":{"line":26,"column":19},"end":{"line":26,"column":89}},"15":{"start":{"line":28,"column":4},"end":{"line":30,"column":5}},"16":{"start":{"line":29,"column":6},"end":{"line":29,"column":90}},"17":{"start":{"line":32,"column":26},"end":{"line":32,"column":73}},"18":{"start":{"line":33,"column":23},"end":{"line":33,"column":70}},"19":{"start":{"line":33,"column":50},"end":{"line":33,"column":69}},"20":{"start":{"line":35,"column":21},"end":{"line":47,"column":5}},"21":{"start":{"line":40,"column":42},"end":{"line":40,"column":50}},"22":{"start":{"line":49,"column":24},"end":{"line":49,"column":66}},"23":{"start":{"line":52,"column":24},"end":{"line":52,"column":51}},"24":{"start":{"line":53,"column":28},"end":{"line":56,"column":5}},"25":{"start":{"line":59,"column":4},"end":{"line":62,"column":6}},"26":{"start":{"line":64,"column":4},"end":{"line":68,"column":6}},"27":{"start":{"line":70,"column":4},"end":{"line":70,"column":92}},"28":{"start":{"line":72,"column":4},"end":{"line":72,"column":46}},"29":{"start":{"line":73,"column":4},"end":{"line":73,"column":84}},"30":{"start":{"line":78,"column":0},"end":{"line":88,"column":3}},"31":{"start":{"line":79,"column":2},"end":{"line":87,"column":3}},"32":{"start":{"line":80,"column":15},"end":{"line":80,"column":40}},"33":{"start":{"line":81,"column":23},"end":{"line":81,"column":46}},"34":{"start":{"line":82,"column":19},"end":{"line":82,"column":71}},"35":{"start":{"line":83,"column":4},"end":{"line":83,"column":33}},"36":{"start":{"line":85,"column":4},"end":{"line":85,"column":47}},"37":{"start":{"line":86,"column":4},"end":{"line":86,"column":81}}},"fnMap":{"0":{"name":"(anonymous_0)","decl":{"start":{"line":7,"column":27},"end":{"line":7,"column":28}},"loc":{"start":{"line":7,"column":35},"end":{"line":14,"column":1}},"line":7},"1":{"name":"(anonymous_1)","decl":{"start":{"line":17,"column":23},"end":{"line":17,"column":24}},"loc":{"start":{"line":17,"column":43},"end":{"line":75,"column":1}},"line":17},"2":{"name":"(anonymous_2)","decl":{"start":{"line":33,"column":41},"end":{"line":33,"column":42}},"loc":{"start":{"line":33,"column":50},"end":{"line":33,"column":69}},"line":33},"3":{"name":"(anonymous_3)","decl":{"start":{"line":40,"column":33},"end":{"line":40,"column":34}},"loc":{"start":{"line":40,"column":42},"end":{"line":40,"column":50}},"line":40},"4":{"name":"(anonymous_4)","decl":{"start":{"line":78,"column":19},"end":{"line":78,"column":20}},"loc":{"start":{"line":78,"column":39},"end":{"line":88,"column":1}},"line":78}},"branchMap":{"0":{"loc":{"start":{"line":8,"column":2},"end":{"line":13,"column":3}},"type":"switch","locations":[{"start":{"line":9,"column":4},"end":{"line":9,"column":25}},{"start":{"line":10,"column":4},"end":{"line":10,"column":28}},{"start":{"line":11,"column":4},"end":{"line":11,"column":26}},{"start":{"line":12,"column":4},"end":{"line":12,"column":30}}],"line":8},"1":{"loc":{"start":{"line":28,"column":4},"end":{"line":30,"column":5}},"type":"if","locations":[{"start":{"line":28,"column":4},"end":{"line":30,"column":5}},{"start":{},"end":{}}],"line":28}},"s":{"0":1,"1":1,"2":1,"3":0,"4":0,"5":0,"6":1,"7":1,"8":2,"9":2,"10":2,"11":2,"12":2,"13":2,"14":2,"15":2,"16":1,"17":1,"18":1,"19":1,"20":1,"21":2,"22":1,"23":1,"24":1,"25":1,"26":1,"27":1,"28":0,"29":0,"30":1,"31":1,"32":1,"33":1,"34":1,"35":1,"36":0,"37":0},"f":{"0":1,"1":2,"2":1,"3":2,"4":1},"b":{"0":[0,0,0,1],"1":[1,1]},"_coverageSchema":"1a1c01bbd47fc00a2c39e90264f33305004495a9","hash":"c54fa0636fdfb21caa71269bf0155587aba89654"}
,"/home/shield/SUMMER2024/COSC4353-Project/server/routes/notificationRoutes.js": {"path":"/home/shield/SUMMER2024/COSC4353-Project/server/routes/notificationRoutes.js","statementMap":{"0":{"start":{"line":6,"column":15},"end":{"line":6,"column":31}},"1":{"start":{"line":9,"column":0},"end":{"line":46,"column":3}},"2":{"start":{"line":10,"column":21},"end":{"line":10,"column":31}},"3":{"start":{"line":12,"column":13},"end":{"line":12,"column":38}},"4":{"start":{"line":13,"column":26},"end":{"line":13,"column":48}},"5":{"start":{"line":14,"column":27},"end":{"line":14,"column":50}},"6":{"start":{"line":15,"column":17},"end":{"line":15,"column":73}},"7":{"start":{"line":16,"column":15},"end":{"line":16,"column":70}},"8":{"start":{"line":18,"column":2},"end":{"line":20,"column":3}},"9":{"start":{"line":19,"column":4},"end":{"line":19,"column":63}},"10":{"start":{"line":22,"column":2},"end":{"line":45,"column":3}},"11":{"start":{"line":23,"column":4},"end":{"line":36,"column":5}},"12":{"start":{"line":24,"column":35},"end":{"line":30,"column":8}},"13":{"start":{"line":25,"column":22},"end":{"line":25,"column":56}},"14":{"start":{"line":25,"column":39},"end":{"line":25,"column":55}},"15":{"start":{"line":26,"column":8},"end":{"line":29,"column":10}},"16":{"start":{"line":32,"column":6},"end":{"line":35,"column":9}},"17":{"start":{"line":37,"column":9},"end":{"line":45,"column":3}},"18":{"start":{"line":38,"column":4},"end":{"line":44,"column":5}},"19":{"start":{"line":39,"column":6},"end":{"line":41,"column":9}},"20":{"start":{"line":43,"column":6},"end":{"line":43,"column":58}},"21":{"start":{"line":49,"column":0},"end":{"line":84,"column":3}},"22":{"start":{"line":50,"column":28},"end":{"line":50,"column":38}},"23":{"start":{"line":52,"column":13},"end":{"line":52,"column":38}},"24":{"start":{"line":53,"column":26},"end":{"line":53,"column":48}},"25":{"start":{"line":55,"column":2},"end":{"line":83,"column":3}},"26":{"start":{"line":57,"column":30},"end":{"line":57,"column":45}},"27":{"start":{"line":60,"column":17},"end":{"line":60,"column":72}},"28":{"start":{"line":62,"column":4},"end":{"line":64,"column":5}},"29":{"start":{"line":63,"column":6},"end":{"line":63,"column":65}},"30":{"start":{"line":66,"column":4},"end":{"line":68,"column":5}},"31":{"start":{"line":67,"column":6},"end":{"line":67,"column":73}},"32":{"start":{"line":71,"column":4},"end":{"line":71,"column":52}},"33":{"start":{"line":74,"column":4},"end":{"line":77,"column":6}},"34":{"start":{"line":79,"column":4},"end":{"line":79,"column":75}},"35":{"start":{"line":81,"column":4},"end":{"line":81,"column":53}},"36":{"start":{"line":82,"column":4},"end":{"line":82,"column":91}},"37":{"start":{"line":88,"column":0},"end":{"line":143,"column":3}},"38":{"start":{"line":89,"column":21},"end":{"line":89,"column":31}},"39":{"start":{"line":90,"column":22},"end":{"line":90,"column":30}},"40":{"start":{"line":91,"column":22},"end":{"line":91,"column":43}},"41":{"start":{"line":93,"column":13},"end":{"line":93,"column":38}},"42":{"start":{"line":94,"column":26},"end":{"line":94,"column":48}},"43":{"start":{"line":95,"column":27},"end":{"line":95,"column":50}},"44":{"start":{"line":97,"column":2},"end":{"line":142,"column":3}},"45":{"start":{"line":99,"column":17},"end":{"line":99,"column":72}},"46":{"start":{"line":101,"column":4},"end":{"line":103,"column":5}},"47":{"start":{"line":102,"column":6},"end":{"line":102,"column":65}},"48":{"start":{"line":110,"column":18},"end":{"line":110,"column":75}},"49":{"start":{"line":112,"column":28},"end":{"line":116,"column":5}},"50":{"start":{"line":119,"column":4},"end":{"line":125,"column":6}},"51":{"start":{"line":128,"column":19},"end":{"line":128,"column":74}},"52":{"start":{"line":131,"column":4},"end":{"line":136,"column":7}},"53":{"start":{"line":132,"column":6},"end":{"line":135,"column":7}},"54":{"start":{"line":138,"column":4},"end":{"line":138,"column":89}},"55":{"start":{"line":140,"column":4},"end":{"line":140,"column":47}},"56":{"start":{"line":141,"column":4},"end":{"line":141,"column":85}},"57":{"start":{"line":146,"column":0},"end":{"line":175,"column":3}},"58":{"start":{"line":147,"column":30},"end":{"line":147,"column":40}},"59":{"start":{"line":149,"column":13},"end":{"line":149,"column":38}},"60":{"start":{"line":150,"column":26},"end":{"line":150,"column":48}},"61":{"start":{"line":152,"column":2},"end":{"line":174,"column":3}},"62":{"start":{"line":154,"column":17},"end":{"line":154,"column":72}},"63":{"start":{"line":156,"column":4},"end":{"line":158,"column":5}},"64":{"start":{"line":157,"column":6},"end":{"line":157,"column":65}},"65":{"start":{"line":165,"column":4},"end":{"line":168,"column":6}},"66":{"start":{"line":170,"column":4},"end":{"line":170,"column":87}},"67":{"start":{"line":172,"column":4},"end":{"line":172,"column":47}},"68":{"start":{"line":173,"column":4},"end":{"line":173,"column":85}}},"fnMap":{"0":{"name":"(anonymous_0)","decl":{"start":{"line":9,"column":23},"end":{"line":9,"column":24}},"loc":{"start":{"line":9,"column":43},"end":{"line":46,"column":1}},"line":9},"1":{"name":"(anonymous_1)","decl":{"start":{"line":24,"column":58},"end":{"line":24,"column":59}},"loc":{"start":{"line":24,"column":69},"end":{"line":30,"column":7}},"line":24},"2":{"name":"(anonymous_2)","decl":{"start":{"line":25,"column":34},"end":{"line":25,"column":35}},"loc":{"start":{"line":25,"column":39},"end":{"line":25,"column":55}},"line":25},"3":{"name":"(anonymous_3)","decl":{"start":{"line":49,"column":33},"end":{"line":49,"column":34}},"loc":{"start":{"line":49,"column":53},"end":{"line":84,"column":1}},"line":49},"4":{"name":"(anonymous_4)","decl":{"start":{"line":88,"column":31},"end":{"line":88,"column":32}},"loc":{"start":{"line":88,"column":51},"end":{"line":143,"column":1}},"line":88},"5":{"name":"(anonymous_5)","decl":{"start":{"line":131,"column":33},"end":{"line":131,"column":34}},"loc":{"start":{"line":132,"column":6},"end":{"line":135,"column":7}},"line":132},"6":{"name":"(anonymous_6)","decl":{"start":{"line":146,"column":43},"end":{"line":146,"column":44}},"loc":{"start":{"line":146,"column":63},"end":{"line":175,"column":1}},"line":146}},"branchMap":{"0":{"loc":{"start":{"line":18,"column":2},"end":{"line":20,"column":3}},"type":"if","locations":[{"start":{"line":18,"column":2},"end":{"line":20,"column":3}},{"start":{},"end":{}}],"line":18},"1":{"loc":{"start":{"line":22,"column":2},"end":{"line":45,"column":3}},"type":"if","locations":[{"start":{"line":22,"column":2},"end":{"line":45,"column":3}},{"start":{"line":37,"column":9},"end":{"line":45,"column":3}}],"line":22},"2":{"loc":{"start":{"line":22,"column":5},"end":{"line":22,"column":32}},"type":"binary-expr","locations":[{"start":{"line":22,"column":5},"end":{"line":22,"column":9}},{"start":{"line":22,"column":13},"end":{"line":22,"column":32}}],"line":22},"3":{"loc":{"start":{"line":23,"column":4},"end":{"line":36,"column":5}},"type":"if","locations":[{"start":{"line":23,"column":4},"end":{"line":36,"column":5}},{"start":{},"end":{}}],"line":23},"4":{"loc":{"start":{"line":33,"column":23},"end":{"line":33,"column":47}},"type":"binary-expr","locations":[{"start":{"line":33,"column":23},"end":{"line":33,"column":41}},{"start":{"line":33,"column":45},"end":{"line":33,"column":47}}],"line":33},"5":{"loc":{"start":{"line":37,"column":9},"end":{"line":45,"column":3}},"type":"if","locations":[{"start":{"line":37,"column":9},"end":{"line":45,"column":3}},{"start":{},"end":{}}],"line":37},"6":{"loc":{"start":{"line":37,"column":12},"end":{"line":37,"column":40}},"type":"binary-expr","locations":[{"start":{"line":37,"column":12},"end":{"line":37,"column":16}},{"start":{"line":37,"column":20},"end":{"line":37,"column":40}}],"line":37},"7":{"loc":{"start":{"line":38,"column":4},"end":{"line":44,"column":5}},"type":"if","locations":[{"start":{"line":38,"column":4},"end":{"line":44,"column":5}},{"start":{"line":42,"column":11},"end":{"line":44,"column":5}}],"line":38},"8":{"loc":{"start":{"line":40,"column":23},"end":{"line":40,"column":82}},"type":"cond-expr","locations":[{"start":{"line":40,"column":59},"end":{"line":40,"column":77}},{"start":{"line":40,"column":80},"end":{"line":40,"column":82}}],"line":40},"9":{"loc":{"start":{"line":62,"column":4},"end":{"line":64,"column":5}},"type":"if","locations":[{"start":{"line":62,"column":4},"end":{"line":64,"column":5}},{"start":{},"end":{}}],"line":62},"10":{"loc":{"start":{"line":66,"column":4},"end":{"line":68,"column":5}},"type":"if","locations":[{"start":{"line":66,"column":4},"end":{"line":68,"column":5}},{"start":{},"end":{}}],"line":66},"11":{"loc":{"start":{"line":66,"column":8},"end":{"line":66,"column":102}},"type":"binary-expr","locations":[{"start":{"line":66,"column":8},"end":{"line":66,"column":27}},{"start":{"line":66,"column":31},"end":{"line":66,"column":77}},{"start":{"line":66,"column":81},"end":{"line":66,"column":102}}],"line":66},"12":{"loc":{"start":{"line":101,"column":4},"end":{"line":103,"column":5}},"type":"if","locations":[{"start":{"line":101,"column":4},"end":{"line":103,"column":5}},{"start":{},"end":{}}],"line":101},"13":{"loc":{"start":{"line":156,"column":4},"end":{"line":158,"column":5}},"type":"if","locations":[{"start":{"line":156,"column":4},"end":{"line":158,"column":5}},{"start":{},"end":{}}],"line":156}},"s":{"0":1,"1":1,"2":2,"3":2,"4":2,"5":2,"6":2,"7":2,"8":2,"9":1,"10":1,"11":1,"12":1,"13":2,"14":2,"15":2,"16":1,"17":0,"18":0,"19":0,"20":0,"21":1,"22":2,"23":2,"24":2,"25":2,"26":2,"27":2,"28":2,"29":0,"30":2,"31":1,"32":1,"33":1,"34":1,"35":0,"36":0,"37":1,"38":2,"39":2,"40":2,"41":2,"42":2,"43":2,"44":2,"45":2,"46":2,"47":0,"48":2,"49":2,"50":1,"51":1,"52":1,"53":1,"54":1,"55":1,"56":1,"57":1,"58":2,"59":2,"60":2,"61":2,"62":2,"63":2,"64":0,"65":2,"66":2,"67":0,"68":0},"f":{"0":2,"1":2,"2":2,"3":2,"4":2,"5":1,"6":2},"b":{"0":[1,1],"1":[1,0],"2":[1,1],"3":[1,0],"4":[1,0],"5":[0,0],"6":[0,0],"7":[0,0],"8":[0,0],"9":[0,2],"10":[1,1],"11":[2,2,1],"12":[0,2],"13":[0,2]},"_coverageSchema":"1a1c01bbd47fc00a2c39e90264f33305004495a9","hash":"3f73c5608b7c8cf98a12f791f6ee39b716650c55"}
,"/home/shield/SUMMER2024/COSC4353-Project/server/routes/reportsRoutes.js": {"path":"/home/shield/SUMMER2024/COSC4353-Project/server/routes/reportsRoutes.js","statementMap":{"0":{"start":{"line":11,"column":15},"end":{"line":11,"column":31}},"1":{"start":{"line":14,"column":0},"end":{"line":65,"column":3}},"2":{"start":{"line":15,"column":19},"end":{"line":15,"column":28}},"3":{"start":{"line":16,"column":21},"end":{"line":16,"column":56}},"4":{"start":{"line":18,"column":2},"end":{"line":64,"column":3}},"5":{"start":{"line":19,"column":15},"end":{"line":19,"column":40}},"6":{"start":{"line":20,"column":28},"end":{"line":20,"column":50}},"7":{"start":{"line":21,"column":29},"end":{"line":21,"column":52}},"8":{"start":{"line":23,"column":18},"end":{"line":23,"column":56}},"9":{"start":{"line":24,"column":19},"end":{"line":24,"column":58}},"10":{"start":{"line":26,"column":4},"end":{"line":60,"column":5}},"11":{"start":{"line":28,"column":6},"end":{"line":41,"column":7}},"12":{"start":{"line":29,"column":26},"end":{"line":29,"column":58}},"13":{"start":{"line":30,"column":8},"end":{"line":30,"column":90}},"14":{"start":{"line":31,"column":8},"end":{"line":31,"column":44}},"15":{"start":{"line":32,"column":8},"end":{"line":32,"column":40}},"16":{"start":{"line":33,"column":13},"end":{"line":41,"column":7}},"17":{"start":{"line":34,"column":26},"end":{"line":34,"column":58}},"18":{"start":{"line":35,"column":8},"end":{"line":35,"column":90}},"19":{"start":{"line":36,"column":8},"end":{"line":36,"column":51}},"20":{"start":{"line":37,"column":8},"end":{"line":37,"column":28}},"21":{"start":{"line":38,"column":8},"end":{"line":38,"column":24}},"22":{"start":{"line":40,"column":8},"end":{"line":40,"column":65}},"23":{"start":{"line":42,"column":11},"end":{"line":60,"column":5}},"24":{"start":{"line":44,"column":6},"end":{"line":57,"column":7}},"25":{"start":{"line":45,"column":26},"end":{"line":45,"column":63}},"26":{"start":{"line":46,"column":8},"end":{"line":46,"column":86}},"27":{"start":{"line":47,"column":8},"end":{"line":47,"column":44}},"28":{"start":{"line":48,"column":8},"end":{"line":48,"column":40}},"29":{"start":{"line":49,"column":13},"end":{"line":57,"column":7}},"30":{"start":{"line":50,"column":26},"end":{"line":50,"column":63}},"31":{"start":{"line":51,"column":8},"end":{"line":51,"column":86}},"32":{"start":{"line":52,"column":8},"end":{"line":52,"column":51}},"33":{"start":{"line":53,"column":8},"end":{"line":53,"column":28}},"34":{"start":{"line":54,"column":8},"end":{"line":54,"column":24}},"35":{"start":{"line":56,"column":8},"end":{"line":56,"column":65}},"36":{"start":{"line":59,"column":6},"end":{"line":59,"column":63}},"37":{"start":{"line":62,"column":4},"end":{"line":62,"column":53}},"38":{"start":{"line":63,"column":4},"end":{"line":63,"column":65}}},"fnMap":{"0":{"name":"(anonymous_0)","decl":{"start":{"line":14,"column":24},"end":{"line":14,"column":25}},"loc":{"start":{"line":14,"column":44},"end":{"line":65,"column":1}},"line":14}},"branchMap":{"0":{"loc":{"start":{"line":16,"column":21},"end":{"line":16,"column":56}},"type":"binary-expr","locations":[{"start":{"line":16,"column":21},"end":{"line":16,"column":41}},{"start":{"line":16,"column":45},"end":{"line":16,"column":56}}],"line":16},"1":{"loc":{"start":{"line":26,"column":4},"end":{"line":60,"column":5}},"type":"if","locations":[{"start":{"line":26,"column":4},"end":{"line":60,"column":5}},{"start":{"line":42,"column":11},"end":{"line":60,"column":5}}],"line":26},"2":{"loc":{"start":{"line":28,"column":6},"end":{"line":41,"column":7}},"type":"if","locations":[{"start":{"line":28,"column":6},"end":{"line":41,"column":7}},{"start":{"line":33,"column":13},"end":{"line":41,"column":7}}],"line":28},"3":{"loc":{"start":{"line":33,"column":13},"end":{"line":41,"column":7}},"type":"if","locations":[{"start":{"line":33,"column":13},"end":{"line":41,"column":7}},{"start":{"line":39,"column":13},"end":{"line":41,"column":7}}],"line":33},"4":{"loc":{"start":{"line":42,"column":11},"end":{"line":60,"column":5}},"type":"if","locations":[{"start":{"line":42,"column":11},"end":{"line":60,"column":5}},{"start":{"line":58,"column":11},"end":{"line":60,"column":5}}],"line":42},"5":{"loc":{"start":{"line":44,"column":6},"end":{"line":57,"column":7}},"type":"if","locations":[{"start":{"line":44,"column":6},"end":{"line":57,"column":7}},{"start":{"line":49,"column":13},"end":{"line":57,"column":7}}],"line":44},"6":{"loc":{"start":{"line":49,"column":13},"end":{"line":57,"column":7}},"type":"if","locations":[{"start":{"line":49,"column":13},"end":{"line":57,"column":7}},{"start":{"line":55,"column":13},"end":{"line":57,"column":7}}],"line":49}},"s":{"0":1,"1":1,"2":6,"3":6,"4":6,"5":6,"6":6,"7":6,"8":6,"9":6,"10":6,"11":4,"12":2,"13":2,"14":2,"15":2,"16":2,"17":1,"18":1,"19":1,"20":1,"21":1,"22":1,"23":2,"24":2,"25":1,"26":1,"27":1,"28":1,"29":1,"30":1,"31":1,"32":1,"33":1,"34":1,"35":0,"36":0,"37":0,"38":0},"f":{"0":6},"b":{"0":[6,0],"1":[4,2],"2":[2,2],"3":[1,1],"4":[2,0],"5":[1,1],"6":[1,0]},"_coverageSchema":"1a1c01bbd47fc00a2c39e90264f33305004495a9","hash":"7840977ef20095468c949a4e9123ce3ddb799f4e"}
,"/home/shield/SUMMER2024/COSC4353-Project/server/routes/userEventRoutes.js": {"path":"/home/shield/SUMMER2024/COSC4353-Project/server/routes/userEventRoutes.js","statementMap":{"0":{"start":{"line":6,"column":15},"end":{"line":6,"column":31}},"1":{"start":{"line":9,"column":0},"end":{"line":25,"column":3}},"2":{"start":{"line":10,"column":19},"end":{"line":10,"column":29}},"3":{"start":{"line":12,"column":2},"end":{"line":24,"column":3}},"4":{"start":{"line":13,"column":15},"end":{"line":13,"column":40}},"5":{"start":{"line":14,"column":28},"end":{"line":14,"column":50}},"6":{"start":{"line":16,"column":17},"end":{"line":16,"column":71}},"7":{"start":{"line":17,"column":4},"end":{"line":19,"column":5}},"8":{"start":{"line":18,"column":6},"end":{"line":18,"column":63}},"9":{"start":{"line":20,"column":4},"end":{"line":20,"column":31}},"10":{"start":{"line":22,"column":4},"end":{"line":22,"column":45}},"11":{"start":{"line":23,"column":4},"end":{"line":23,"column":79}},"12":{"start":{"line":28,"column":0},"end":{"line":75,"column":3}},"13":{"start":{"line":29,"column":30},"end":{"line":29,"column":38}},"14":{"start":{"line":31,"column":2},"end":{"line":33,"column":3}},"15":{"start":{"line":32,"column":4},"end":{"line":32,"column":82}},"16":{"start":{"line":35,"column":2},"end":{"line":74,"column":3}},"17":{"start":{"line":36,"column":15},"end":{"line":36,"column":40}},"18":{"start":{"line":37,"column":28},"end":{"line":37,"column":50}},"19":{"start":{"line":38,"column":29},"end":{"line":38,"column":52}},"20":{"start":{"line":40,"column":17},"end":{"line":40,"column":72}},"21":{"start":{"line":41,"column":4},"end":{"line":43,"column":5}},"22":{"start":{"line":42,"column":6},"end":{"line":42,"column":65}},"23":{"start":{"line":45,"column":18},"end":{"line":45,"column":75}},"24":{"start":{"line":46,"column":4},"end":{"line":48,"column":5}},"25":{"start":{"line":47,"column":6},"end":{"line":47,"column":66}},"26":{"start":{"line":50,"column":24},"end":{"line":50,"column":45}},"27":{"start":{"line":53,"column":4},"end":{"line":56,"column":6}},"28":{"start":{"line":59,"column":28},"end":{"line":63,"column":5}},"29":{"start":{"line":65,"column":4},"end":{"line":68,"column":6}},"30":{"start":{"line":70,"column":4},"end":{"line":70,"column":79}},"31":{"start":{"line":72,"column":4},"end":{"line":72,"column":25}},"32":{"start":{"line":73,"column":4},"end":{"line":73,"column":87}}},"fnMap":{"0":{"name":"(anonymous_0)","decl":{"start":{"line":9,"column":23},"end":{"line":9,"column":24}},"loc":{"start":{"line":9,"column":43},"end":{"line":25,"column":1}},"line":9},"1":{"name":"(anonymous_1)","decl":{"start":{"line":28,"column":17},"end":{"line":28,"column":18}},"loc":{"start":{"line":28,"column":37},"end":{"line":75,"column":1}},"line":28}},"branchMap":{"0":{"loc":{"start":{"line":17,"column":4},"end":{"line":19,"column":5}},"type":"if","locations":[{"start":{"line":17,"column":4},"end":{"line":19,"column":5}},{"start":{},"end":{}}],"line":17},"1":{"loc":{"start":{"line":31,"column":2},"end":{"line":33,"column":3}},"type":"if","locations":[{"start":{"line":31,"column":2},"end":{"line":33,"column":3}},{"start":{},"end":{}}],"line":31},"2":{"loc":{"start":{"line":31,"column":6},"end":{"line":31,"column":25}},"type":"binary-expr","locations":[{"start":{"line":31,"column":6},"end":{"line":31,"column":13}},{"start":{"line":31,"column":17},"end":{"line":31,"column":25}}],"line":31},"3":{"loc":{"start":{"line":41,"column":4},"end":{"line":43,"column":5}},"type":"if","locations":[{"start":{"line":41,"column":4},"end":{"line":43,"column":5}},{"start":{},"end":{}}],"line":41},"4":{"loc":{"start":{"line":46,"column":4},"end":{"line":48,"column":5}},"type":"if","locations":[{"start":{"line":46,"column":4},"end":{"line":48,"column":5}},{"start":{},"end":{}}],"line":46}},"s":{"0":1,"1":1,"2":3,"3":3,"4":3,"5":3,"6":3,"7":3,"8":1,"9":2,"10":0,"11":0,"12":1,"13":4,"14":4,"15":1,"16":3,"17":3,"18":3,"19":3,"20":3,"21":3,"22":0,"23":3,"24":3,"25":0,"26":3,"27":3,"28":3,"29":3,"30":3,"31":0,"32":0},"f":{"0":3,"1":4},"b":{"0":[1,2],"1":[1,3],"2":[4,3],"3":[0,3],"4":[0,3]},"_coverageSchema":"1a1c01bbd47fc00a2c39e90264f33305004495a9","hash":"9aab4b834de2df183ddd365d34295766e0b58343"}
,"/home/shield/SUMMER2024/COSC4353-Project/server/routes/userProfileRoutes.js": {"path":"/home/shield/SUMMER2024/COSC4353-Project/server/routes/userProfileRoutes.js","statementMap":{"0":{"start":{"line":5,"column":15},"end":{"line":5,"column":31}},"1":{"start":{"line":8,"column":0},"end":{"line":20,"column":3}},"2":{"start":{"line":9,"column":13},"end":{"line":9,"column":38}},"3":{"start":{"line":10,"column":21},"end":{"line":10,"column":43}},"4":{"start":{"line":11,"column":21},"end":{"line":11,"column":31}},"5":{"start":{"line":12,"column":13},"end":{"line":13,"column":23}},"6":{"start":{"line":15,"column":2},"end":{"line":19,"column":3}},"7":{"start":{"line":16,"column":4},"end":{"line":16,"column":34}},"8":{"start":{"line":18,"column":4},"end":{"line":18,"column":56}},"9":{"start":{"line":23,"column":0},"end":{"line":46,"column":3}},"10":{"start":{"line":24,"column":13},"end":{"line":24,"column":38}},"11":{"start":{"line":25,"column":21},"end":{"line":25,"column":43}},"12":{"start":{"line":26,"column":21},"end":{"line":26,"column":31}},"13":{"start":{"line":27,"column":34},"end":{"line":27,"column":42}},"14":{"start":{"line":29,"column":2},"end":{"line":45,"column":3}},"15":{"start":{"line":30,"column":19},"end":{"line":33,"column":5}},"16":{"start":{"line":35,"column":4},"end":{"line":41,"column":5}},"17":{"start":{"line":37,"column":26},"end":{"line":37,"column":76}},"18":{"start":{"line":38,"column":6},"end":{"line":38,"column":91}},"19":{"start":{"line":40,"column":6},"end":{"line":40,"column":58}},"20":{"start":{"line":43,"column":4},"end":{"line":43,"column":21}},"21":{"start":{"line":44,"column":4},"end":{"line":44,"column":83}}},"fnMap":{"0":{"name":"(anonymous_0)","decl":{"start":{"line":8,"column":23},"end":{"line":8,"column":24}},"loc":{"start":{"line":8,"column":43},"end":{"line":20,"column":1}},"line":8},"1":{"name":"(anonymous_1)","decl":{"start":{"line":23,"column":23},"end":{"line":23,"column":24}},"loc":{"start":{"line":23,"column":43},"end":{"line":46,"column":1}},"line":23}},"branchMap":{"0":{"loc":{"start":{"line":15,"column":2},"end":{"line":19,"column":3}},"type":"if","locations":[{"start":{"line":15,"column":2},"end":{"line":19,"column":3}},{"start":{"line":17,"column":9},"end":{"line":19,"column":3}}],"line":15},"1":{"loc":{"start":{"line":35,"column":4},"end":{"line":41,"column":5}},"type":"if","locations":[{"start":{"line":35,"column":4},"end":{"line":41,"column":5}},{"start":{"line":39,"column":11},"end":{"line":41,"column":5}}],"line":35}},"s":{"0":1,"1":1,"2":2,"3":2,"4":2,"5":2,"6":2,"7":2,"8":0,"9":1,"10":3,"11":3,"12":3,"13":3,"14":3,"15":3,"16":3,"17":2,"18":2,"19":1,"20":0,"21":0},"f":{"0":2,"1":3},"b":{"0":[2,0],"1":[2,1]},"_coverageSchema":"1a1c01bbd47fc00a2c39e90264f33305004495a9","hash":"e9ddac2ebc0667fcb7f35a02c29a2454601cc0dd"}
,"/home/shield/SUMMER2024/COSC4353-Project/server/routes/volunteerHistoryRoutes.js": {"path":"/home/shield/SUMMER2024/COSC4353-Project/server/routes/volunteerHistoryRoutes.js","statementMap":{"0":{"start":{"line":5,"column":15},"end":{"line":5,"column":31}},"1":{"start":{"line":8,"column":0},"end":{"line":51,"column":3}},"2":{"start":{"line":9,"column":21},"end":{"line":9,"column":31}},"3":{"start":{"line":11,"column":2},"end":{"line":50,"column":3}},"4":{"start":{"line":12,"column":15},"end":{"line":12,"column":40}},"5":{"start":{"line":13,"column":28},"end":{"line":13,"column":50}},"6":{"start":{"line":14,"column":29},"end":{"line":14,"column":52}},"7":{"start":{"line":15,"column":29},"end":{"line":15,"column":52}},"8":{"start":{"line":18,"column":17},"end":{"line":18,"column":72}},"9":{"start":{"line":20,"column":4},"end":{"line":22,"column":5}},"10":{"start":{"line":21,"column":6},"end":{"line":21,"column":65}},"11":{"start":{"line":25,"column":23},"end":{"line":25,"column":90}},"12":{"start":{"line":26,"column":28},"end":{"line":26,"column":74}},"13":{"start":{"line":26,"column":52},"end":{"line":26,"column":62}},"14":{"start":{"line":29,"column":34},"end":{"line":44,"column":7}},"15":{"start":{"line":30,"column":20},"end":{"line":30,"column":81}},"16":{"start":{"line":32,"column":29},"end":{"line":32,"column":105}},"17":{"start":{"line":33,"column":34},"end":{"line":33,"column":84}},"18":{"start":{"line":33,"column":62},"end":{"line":33,"column":72}},"19":{"start":{"line":34,"column":6},"end":{"line":34,"column":38}},"20":{"start":{"line":34,"column":26},"end":{"line":34,"column":38}},"21":{"start":{"line":35,"column":6},"end":{"line":43,"column":8}},"22":{"start":{"line":46,"column":4},"end":{"line":46,"column":48}},"23":{"start":{"line":48,"column":4},"end":{"line":48,"column":58}},"24":{"start":{"line":49,"column":4},"end":{"line":49,"column":92}}},"fnMap":{"0":{"name":"(anonymous_0)","decl":{"start":{"line":8,"column":23},"end":{"line":8,"column":24}},"loc":{"start":{"line":8,"column":43},"end":{"line":51,"column":1}},"line":8},"1":{"name":"(anonymous_1)","decl":{"start":{"line":26,"column":43},"end":{"line":26,"column":44}},"loc":{"start":{"line":26,"column":52},"end":{"line":26,"column":62}},"line":26},"2":{"name":"(anonymous_2)","decl":{"start":{"line":29,"column":76},"end":{"line":29,"column":77}},"loc":{"start":{"line":29,"column":101},"end":{"line":44,"column":5}},"line":29},"3":{"name":"(anonymous_3)","decl":{"start":{"line":33,"column":53},"end":{"line":33,"column":54}},"loc":{"start":{"line":33,"column":62},"end":{"line":33,"column":72}},"line":33}},"branchMap":{"0":{"loc":{"start":{"line":20,"column":4},"end":{"line":22,"column":5}},"type":"if","locations":[{"start":{"line":20,"column":4},"end":{"line":22,"column":5}},{"start":{},"end":{}}],"line":20},"1":{"loc":{"start":{"line":34,"column":6},"end":{"line":34,"column":38}},"type":"if","locations":[{"start":{"line":34,"column":6},"end":{"line":34,"column":38}},{"start":{},"end":{}}],"line":34},"2":{"loc":{"start":{"line":41,"column":18},"end":{"line":41,"column":41}},"type":"binary-expr","locations":[{"start":{"line":41,"column":18},"end":{"line":41,"column":32}},{"start":{"line":41,"column":36},"end":{"line":41,"column":41}}],"line":41},"3":{"loc":{"start":{"line":42,"column":21},"end":{"line":42,"column":47}},"type":"binary-expr","locations":[{"start":{"line":42,"column":21},"end":{"line":42,"column":38}},{"start":{"line":42,"column":42},"end":{"line":42,"column":47}}],"line":42}},"s":{"0":1,"1":1,"2":2,"3":2,"4":2,"5":2,"6":2,"7":2,"8":2,"9":2,"10":1,"11":1,"12":1,"13":2,"14":1,"15":11,"16":11,"17":11,"18":11,"19":11,"20":0,"21":11,"22":1,"23":0,"24":0},"f":{"0":2,"1":2,"2":11,"3":11},"b":{"0":[1,1],"1":[0,11],"2":[11,0],"3":[11,0]},"_coverageSchema":"1a1c01bbd47fc00a2c39e90264f33305004495a9","hash":"26dd1a2ee1158529d5a11f92d1754f462be2d08a"}
,"/home/shield/SUMMER2024/COSC4353-Project/server/routes/volunteerMatchingRoutes.js": {"path":"/home/shield/SUMMER2024/COSC4353-Project/server/routes/volunteerMatchingRoutes.js","statementMap":{"0":{"start":{"line":5,"column":15},"end":{"line":5,"column":31}},"1":{"start":{"line":8,"column":0},"end":{"line":18,"column":3}},"2":{"start":{"line":9,"column":2},"end":{"line":17,"column":3}},"3":{"start":{"line":10,"column":15},"end":{"line":10,"column":40}},"4":{"start":{"line":11,"column":29},"end":{"line":11,"column":52}},"5":{"start":{"line":12,"column":19},"end":{"line":12,"column":77}},"6":{"start":{"line":13,"column":4},"end":{"line":13,"column":33}},"7":{"start":{"line":15,"column":4},"end":{"line":15,"column":47}},"8":{"start":{"line":16,"column":4},"end":{"line":16,"column":81}},"9":{"start":{"line":21,"column":0},"end":{"line":31,"column":3}},"10":{"start":{"line":22,"column":2},"end":{"line":30,"column":3}},"11":{"start":{"line":23,"column":15},"end":{"line":23,"column":40}},"12":{"start":{"line":24,"column":29},"end":{"line":24,"column":52}},"13":{"start":{"line":25,"column":19},"end":{"line":25,"column":60}},"14":{"start":{"line":26,"column":4},"end":{"line":26,"column":33}},"15":{"start":{"line":28,"column":4},"end":{"line":28,"column":47}},"16":{"start":{"line":29,"column":4},"end":{"line":29,"column":81}},"17":{"start":{"line":34,"column":0},"end":{"line":58,"column":3}},"18":{"start":{"line":35,"column":23},"end":{"line":35,"column":31}},"19":{"start":{"line":37,"column":2},"end":{"line":57,"column":3}},"20":{"start":{"line":38,"column":15},"end":{"line":38,"column":40}},"21":{"start":{"line":39,"column":28},"end":{"line":39,"column":50}},"22":{"start":{"line":40,"column":29},"end":{"line":40,"column":52}},"23":{"start":{"line":42,"column":19},"end":{"line":42,"column":92}},"24":{"start":{"line":43,"column":18},"end":{"line":43,"column":75}},"25":{"start":{"line":45,"column":30},"end":{"line":51,"column":5}},"26":{"start":{"line":46,"column":6},"end":{"line":50,"column":8}},"27":{"start":{"line":47,"column":22},"end":{"line":47,"column":56}},"28":{"start":{"line":47,"column":39},"end":{"line":47,"column":55}},"29":{"start":{"line":48,"column":8},"end":{"line":49,"column":93}},"30":{"start":{"line":48,"column":51},"end":{"line":48,"column":78}},"31":{"start":{"line":49,"column":58},"end":{"line":49,"column":91}},"32":{"start":{"line":53,"column":4},"end":{"line":53,"column":48}},"33":{"start":{"line":55,"column":4},"end":{"line":55,"column":51}},"34":{"start":{"line":56,"column":4},"end":{"line":56,"column":85}},"35":{"start":{"line":61,"column":0},"end":{"line":95,"column":3}},"36":{"start":{"line":62,"column":35},"end":{"line":62,"column":43}},"37":{"start":{"line":64,"column":2},"end":{"line":66,"column":3}},"38":{"start":{"line":65,"column":4},"end":{"line":65,"column":87}},"39":{"start":{"line":68,"column":2},"end":{"line":94,"column":3}},"40":{"start":{"line":69,"column":15},"end":{"line":69,"column":40}},"41":{"start":{"line":70,"column":28},"end":{"line":70,"column":50}},"42":{"start":{"line":71,"column":29},"end":{"line":71,"column":52}},"43":{"start":{"line":73,"column":22},"end":{"line":73,"column":72}},"44":{"start":{"line":74,"column":4},"end":{"line":76,"column":5}},"45":{"start":{"line":75,"column":6},"end":{"line":75,"column":70}},"46":{"start":{"line":78,"column":18},"end":{"line":78,"column":65}},"47":{"start":{"line":79,"column":4},"end":{"line":81,"column":5}},"48":{"start":{"line":80,"column":6},"end":{"line":80,"column":66}},"49":{"start":{"line":83,"column":24},"end":{"line":83,"column":48}},"50":{"start":{"line":85,"column":4},"end":{"line":88,"column":6}},"51":{"start":{"line":90,"column":4},"end":{"line":90,"column":95}},"52":{"start":{"line":92,"column":4},"end":{"line":92,"column":51}},"53":{"start":{"line":93,"column":4},"end":{"line":93,"column":89}}},"fnMap":{"0":{"name":"(anonymous_0)","decl":{"start":{"line":8,"column":22},"end":{"line":8,"column":23}},"loc":{"start":{"line":8,"column":42},"end":{"line":18,"column":1}},"line":8},"1":{"name":"(anonymous_1)","decl":{"start":{"line":21,"column":22},"end":{"line":21,"column":23}},"loc":{"start":{"line":21,"column":42},"end":{"line":31,"column":1}},"line":21},"2":{"name":"(anonymous_2)","decl":{"start":{"line":34,"column":22},"end":{"line":34,"column":23}},"loc":{"start":{"line":34,"column":42},"end":{"line":58,"column":1}},"line":34},"3":{"name":"(anonymous_3)","decl":{"start":{"line":45,"column":43},"end":{"line":45,"column":44}},"loc":{"start":{"line":46,"column":6},"end":{"line":50,"column":8}},"line":46},"4":{"name":"(anonymous_4)","decl":{"start":{"line":46,"column":20},"end":{"line":46,"column":21}},"loc":{"start":{"line":46,"column":31},"end":{"line":50,"column":7}},"line":46},"5":{"name":"(anonymous_5)","decl":{"start":{"line":47,"column":34},"end":{"line":47,"column":35}},"loc":{"start":{"line":47,"column":39},"end":{"line":47,"column":55}},"line":47},"6":{"name":"(anonymous_6)","decl":{"start":{"line":48,"column":42},"end":{"line":48,"column":43}},"loc":{"start":{"line":48,"column":51},"end":{"line":48,"column":78}},"line":48},"7":{"name":"(anonymous_7)","decl":{"start":{"line":49,"column":41},"end":{"line":49,"column":42}},"loc":{"start":{"line":49,"column":58},"end":{"line":49,"column":91}},"line":49},"8":{"name":"(anonymous_8)","decl":{"start":{"line":61,"column":23},"end":{"line":61,"column":24}},"loc":{"start":{"line":61,"column":43},"end":{"line":95,"column":1}},"line":61}},"branchMap":{"0":{"loc":{"start":{"line":48,"column":15},"end":{"line":49,"column":92}},"type":"binary-expr","locations":[{"start":{"line":48,"column":15},"end":{"line":48,"column":79}},{"start":{"line":49,"column":15},"end":{"line":49,"column":92}}],"line":48},"1":{"loc":{"start":{"line":64,"column":2},"end":{"line":66,"column":3}},"type":"if","locations":[{"start":{"line":64,"column":2},"end":{"line":66,"column":3}},{"start":{},"end":{}}],"line":64},"2":{"loc":{"start":{"line":64,"column":6},"end":{"line":64,"column":30}},"type":"binary-expr","locations":[{"start":{"line":64,"column":6},"end":{"line":64,"column":18}},{"start":{"line":64,"column":22},"end":{"line":64,"column":30}}],"line":64},"3":{"loc":{"start":{"line":74,"column":4},"end":{"line":76,"column":5}},"type":"if","locations":[{"start":{"line":74,"column":4},"end":{"line":76,"column":5}},{"start":{},"end":{}}],"line":74},"4":{"loc":{"start":{"line":79,"column":4},"end":{"line":81,"column":5}},"type":"if","locations":[{"start":{"line":79,"column":4},"end":{"line":81,"column":5}},{"start":{},"end":{}}],"line":79}},"s":{"0":1,"1":1,"2":1,"3":1,"4":1,"5":1,"6":1,"7":0,"8":0,"9":1,"10":1,"11":1,"12":1,"13":1,"14":1,"15":0,"16":0,"17":1,"18":1,"19":1,"20":1,"21":1,"22":1,"23":1,"24":1,"25":1,"26":10,"27":10,"28":10,"29":10,"30":10,"31":11,"32":1,"33":0,"34":0,"35":1,"36":3,"37":3,"38":1,"39":2,"40":2,"41":2,"42":2,"43":2,"44":2,"45":1,"46":1,"47":1,"48":0,"49":1,"50":1,"51":1,"52":0,"53":0},"f":{"0":1,"1":1,"2":1,"3":10,"4":10,"5":10,"6":10,"7":11,"8":3},"b":{"0":[10,5],"1":[1,2],"2":[3,3],"3":[1,1],"4":[0,1]},"_coverageSchema":"1a1c01bbd47fc00a2c39e90264f33305004495a9","hash":"2190d48b1925fb9348809f769fa623bf263493e9"}
}
