{"/home/shield/SUMMER2024/COSC4353-Project/server/mongoConnect.js": {"path":"/home/shield/SUMMER2024/COSC4353-Project/server/mongoConnect.js","statementMap":{"0":{"start":{"line":3,"column":12},"end":{"line":3,"column":112}},"1":{"start":{"line":4,"column":15},"end":{"line":4,"column":88}},"2":{"start":{"line":8,"column":26},"end":{"line":20,"column":1}},"3":{"start":{"line":9,"column":2},"end":{"line":19,"column":3}},"4":{"start":{"line":10,"column":4},"end":{"line":14,"column":5}},"5":{"start":{"line":11,"column":6},"end":{"line":11,"column":29}},"6":{"start":{"line":12,"column":6},"end":{"line":12,"column":33}},"7":{"start":{"line":13,"column":6},"end":{"line":13,"column":43}},"8":{"start":{"line":15,"column":4},"end":{"line":15,"column":14}},"9":{"start":{"line":17,"column":4},"end":{"line":17,"column":58}},"10":{"start":{"line":18,"column":4},"end":{"line":18,"column":12}}},"fnMap":{"0":{"name":"(anonymous_0)","decl":{"start":{"line":8,"column":26},"end":{"line":8,"column":27}},"loc":{"start":{"line":8,"column":38},"end":{"line":20,"column":1}},"line":8}},"branchMap":{"0":{"loc":{"start":{"line":10,"column":4},"end":{"line":14,"column":5}},"type":"if","locations":[{"start":{"line":10,"column":4},"end":{"line":14,"column":5}},{"start":{},"end":{}}],"line":10}},"s":{"0":1,"1":1,"2":1,"3":5,"4":5,"5":1,"6":1,"7":1,"8":5,"9":0,"10":0},"f":{"0":5},"b":{"0":[1,4]},"_coverageSchema":"1a1c01bbd47fc00a2c39e90264f33305004495a9","hash":"015962e071b72b64e40050d3ab1354981b520c22"}
,"/home/shield/SUMMER2024/COSC4353-Project/server/routes/authRoutes.js": {"path":"/home/shield/SUMMER2024/COSC4353-Project/server/routes/authRoutes.js","statementMap":{"0":{"start":{"line":7,"column":15},"end":{"line":7,"column":31}},"1":{"start":{"line":9,"column":18},"end":{"line":9,"column":29}},"2":{"start":{"line":10,"column":21},"end":{"line":10,"column":25}},"3":{"start":{"line":13,"column":20},"end":{"line":19,"column":2}},"4":{"start":{"line":22,"column":0},"end":{"line":94,"column":3}},"5":{"start":{"line":23,"column":40},"end":{"line":23,"column":48}},"6":{"start":{"line":25,"column":2},"end":{"line":93,"column":3}},"7":{"start":{"line":26,"column":15},"end":{"line":26,"column":40}},"8":{"start":{"line":27,"column":28},"end":{"line":27,"column":50}},"9":{"start":{"line":29,"column":23},"end":{"line":29,"column":63}},"10":{"start":{"line":31,"column":4},"end":{"line":33,"column":5}},"11":{"start":{"line":32,"column":6},"end":{"line":32,"column":70}},"12":{"start":{"line":36,"column":21},"end":{"line":36,"column":76}},"13":{"start":{"line":37,"column":22},"end":{"line":37,"column":52}},"14":{"start":{"line":40,"column":20},"end":{"line":59,"column":5}},"15":{"start":{"line":61,"column":19},"end":{"line":61,"column":59}},"16":{"start":{"line":64,"column":18},"end":{"line":64,"column":96}},"17":{"start":{"line":66,"column":28},"end":{"line":66,"column":88}},"18":{"start":{"line":67,"column":24},"end":{"line":72,"column":5}},"19":{"start":{"line":74,"column":4},"end":{"line":89,"column":7}},"20":{"start":{"line":75,"column":6},"end":{"line":78,"column":7}},"21":{"start":{"line":76,"column":8},"end":{"line":76,"column":53}},"22":{"start":{"line":77,"column":8},"end":{"line":77,"column":85}},"23":{"start":{"line":79,"column":6},"end":{"line":79,"column":48}},"24":{"start":{"line":80,"column":6},"end":{"line":88,"column":9}},"25":{"start":{"line":91,"column":4},"end":{"line":91,"column":48}},"26":{"start":{"line":92,"column":4},"end":{"line":92,"column":86}},"27":{"start":{"line":97,"column":0},"end":{"line":123,"column":3}},"28":{"start":{"line":98,"column":20},"end":{"line":98,"column":29}},"29":{"start":{"line":100,"column":2},"end":{"line":122,"column":3}},"30":{"start":{"line":102,"column":20},"end":{"line":102,"column":48}},"31":{"start":{"line":103,"column":30},"end":{"line":103,"column":37}},"32":{"start":{"line":105,"column":15},"end":{"line":105,"column":40}},"33":{"start":{"line":106,"column":28},"end":{"line":106,"column":50}},"34":{"start":{"line":109,"column":19},"end":{"line":112,"column":5}},"35":{"start":{"line":114,"column":4},"end":{"line":118,"column":5}},"36":{"start":{"line":115,"column":6},"end":{"line":115,"column":92}},"37":{"start":{"line":117,"column":6},"end":{"line":117,"column":79}},"38":{"start":{"line":120,"column":4},"end":{"line":120,"column":47}},"39":{"start":{"line":121,"column":4},"end":{"line":121,"column":81}},"40":{"start":{"line":127,"column":0},"end":{"line":156,"column":3}},"41":{"start":{"line":128,"column":30},"end":{"line":128,"column":38}},"42":{"start":{"line":129,"column":2},"end":{"line":155,"column":3}},"43":{"start":{"line":130,"column":15},"end":{"line":130,"column":40}},"44":{"start":{"line":131,"column":28},"end":{"line":131,"column":50}},"45":{"start":{"line":134,"column":17},"end":{"line":134,"column":67}},"46":{"start":{"line":136,"column":4},"end":{"line":151,"column":5}},"47":{"start":{"line":137,"column":6},"end":{"line":139,"column":7}},"48":{"start":{"line":138,"column":8},"end":{"line":138,"column":97}},"49":{"start":{"line":140,"column":6},"end":{"line":148,"column":9}},"50":{"start":{"line":150,"column":6},"end":{"line":150,"column":63}},"51":{"start":{"line":153,"column":4},"end":{"line":153,"column":47}},"52":{"start":{"line":154,"column":4},"end":{"line":154,"column":85}}},"fnMap":{"0":{"name":"(anonymous_0)","decl":{"start":{"line":22,"column":25},"end":{"line":22,"column":26}},"loc":{"start":{"line":22,"column":45},"end":{"line":94,"column":1}},"line":22},"1":{"name":"(anonymous_1)","decl":{"start":{"line":74,"column":38},"end":{"line":74,"column":39}},"loc":{"start":{"line":74,"column":55},"end":{"line":89,"column":5}},"line":74},"2":{"name":"(anonymous_2)","decl":{"start":{"line":97,"column":28},"end":{"line":97,"column":29}},"loc":{"start":{"line":97,"column":48},"end":{"line":123,"column":1}},"line":97},"3":{"name":"(anonymous_3)","decl":{"start":{"line":127,"column":22},"end":{"line":127,"column":23}},"loc":{"start":{"line":127,"column":42},"end":{"line":156,"column":1}},"line":127}},"branchMap":{"0":{"loc":{"start":{"line":31,"column":4},"end":{"line":33,"column":5}},"type":"if","locations":[{"start":{"line":31,"column":4},"end":{"line":33,"column":5}},{"start":{},"end":{}}],"line":31},"1":{"loc":{"start":{"line":37,"column":22},"end":{"line":37,"column":52}},"type":"cond-expr","locations":[{"start":{"line":37,"column":33},"end":{"line":37,"column":48}},{"start":{"line":37,"column":51},"end":{"line":37,"column":52}}],"line":37},"2":{"loc":{"start":{"line":75,"column":6},"end":{"line":78,"column":7}},"type":"if","locations":[{"start":{"line":75,"column":6},"end":{"line":78,"column":7}},{"start":{},"end":{}}],"line":75},"3":{"loc":{"start":{"line":114,"column":4},"end":{"line":118,"column":5}},"type":"if","locations":[{"start":{"line":114,"column":4},"end":{"line":118,"column":5}},{"start":{"line":116,"column":11},"end":{"line":118,"column":5}}],"line":114},"4":{"loc":{"start":{"line":136,"column":4},"end":{"line":151,"column":5}},"type":"if","locations":[{"start":{"line":136,"column":4},"end":{"line":151,"column":5}},{"start":{"line":149,"column":11},"end":{"line":151,"column":5}}],"line":136},"5":{"loc":{"start":{"line":137,"column":6},"end":{"line":139,"column":7}},"type":"if","locations":[{"start":{"line":137,"column":6},"end":{"line":139,"column":7}},{"start":{},"end":{}}],"line":137}},"s":{"0":1,"1":1,"2":1,"3":1,"4":1,"5":2,"6":2,"7":2,"8":2,"9":2,"10":2,"11":1,"12":1,"13":1,"14":1,"15":1,"16":1,"17":1,"18":1,"19":1,"20":0,"21":0,"22":0,"23":0,"24":0,"25":0,"26":0,"27":1,"28":0,"29":0,"30":0,"31":0,"32":0,"33":0,"34":0,"35":0,"36":0,"37":0,"38":0,"39":0,"40":1,"41":2,"42":2,"43":2,"44":2,"45":2,"46":2,"47":1,"48":0,"49":1,"50":1,"51":0,"52":0},"f":{"0":2,"1":0,"2":0,"3":2},"b":{"0":[1,1],"1":[1,0],"2":[0,0],"3":[0,0],"4":[1,1],"5":[0,1]},"_coverageSchema":"1a1c01bbd47fc00a2c39e90264f33305004495a9","hash":"2757a8934eae7872e6e30b75d8fd09aaf9378ff2"}
}
