TN:
SF:mongoConnect.js
FN:8,(anonymous_0)
FNF:1
FNH:1
FNDA:5,(anonymous_0)
DA:3,1
DA:4,1
DA:8,1
DA:9,5
DA:10,5
DA:11,1
DA:12,1
DA:13,1
DA:15,5
DA:17,0
DA:18,0
LF:11
LH:9
BRDA:10,0,0,1
BRDA:10,0,1,4
BRF:2
BRH:2
end_of_record
TN:
SF:routes/authRoutes.js
FN:22,(anonymous_0)
FN:74,(anonymous_1)
FN:97,(anonymous_2)
FN:127,(anonymous_3)
FNF:4
FNH:2
FNDA:2,(anonymous_0)
FNDA:0,(anonymous_1)
FNDA:0,(anonymous_2)
FNDA:2,(anonymous_3)
DA:7,1
DA:9,1
DA:10,1
DA:13,1
DA:22,1
DA:23,2
DA:25,2
DA:26,2
DA:27,2
DA:29,2
DA:31,2
DA:32,1
DA:36,1
DA:37,1
DA:40,1
DA:61,1
DA:64,1
DA:66,1
DA:67,1
DA:74,1
DA:75,0
DA:76,0
DA:77,0
DA:79,0
DA:80,0
DA:91,0
DA:92,0
DA:97,1
DA:98,0
DA:100,0
DA:102,0
DA:103,0
DA:105,0
DA:106,0
DA:109,0
DA:114,0
DA:115,0
DA:117,0
DA:120,0
DA:121,0
DA:127,1
DA:128,2
DA:129,2
DA:130,2
DA:131,2
DA:134,2
DA:136,2
DA:137,1
DA:138,0
DA:140,1
DA:150,1
DA:153,0
DA:154,0
LF:53
LH:31
BRDA:31,0,0,1
BRDA:31,0,1,1
BRDA:37,1,0,1
BRDA:37,1,1,0
BRDA:75,2,0,0
BRDA:75,2,1,0
BRDA:114,3,0,0
BRDA:114,3,1,0
BRDA:136,4,0,1
BRDA:136,4,1,1
BRDA:137,5,0,0
BRDA:137,5,1,1
BRF:12
BRH:6
end_of_record
