TN:
SF:mongoConnect.js
FN:8,(anonymous_0)
FNF:1
FNH:1
FNDA:36,(anonymous_0)
DA:3,8
DA:4,8
DA:8,8
DA:9,36
DA:10,36
DA:11,8
DA:12,8
DA:13,8
DA:15,36
DA:17,0
DA:18,0
LF:11
LH:9
BRDA:10,0,0,8
BRDA:10,0,1,28
BRF:2
BRH:2
end_of_record
TN:
SF:routes/adminHistoryRoutes.js
FN:7,(anonymous_0)
FN:20,(anonymous_1)
FN:30,(anonymous_2)
FNF:3
FNH:3
FNDA:1,(anonymous_0)
FNDA:2,(anonymous_1)
FNDA:3,(anonymous_2)
DA:5,1
DA:7,1
DA:8,1
DA:9,1
DA:10,1
DA:11,1
DA:12,1
DA:14,0
DA:15,0
DA:20,1
DA:21,2
DA:22,2
DA:23,2
DA:24,2
DA:25,2
DA:29,2
DA:30,3
DA:32,1
DA:35,0
DA:36,0
LF:20
LH:16
BRDA:29,0,0,1
BRDA:29,0,1,1
BRF:2
BRH:2
end_of_record
TN:
SF:routes/authRoutes.js
FN:22,(anonymous_0)
FN:74,(anonymous_1)
FN:97,(anonymous_2)
FN:127,(anonymous_3)
FNF:4
FNH:3
FNDA:2,(anonymous_0)
FNDA:1,(anonymous_1)
FNDA:0,(anonymous_2)
FNDA:2,(anonymous_3)
DA:7,1
DA:9,1
DA:10,1
DA:13,1
DA:22,1
DA:23,2
DA:25,2
DA:26,2
DA:27,2
DA:29,2
DA:31,2
DA:32,1
DA:36,1
DA:37,1
DA:40,1
DA:61,1
DA:64,1
DA:66,1
DA:67,1
DA:74,1
DA:75,1
DA:76,0
DA:77,0
DA:79,1
DA:80,1
DA:91,0
DA:92,0
DA:97,1
DA:98,0
DA:100,0
DA:102,0
DA:103,0
DA:105,0
DA:106,0
DA:109,0
DA:114,0
DA:115,0
DA:117,0
DA:120,0
DA:121,0
DA:127,1
DA:128,2
DA:129,2
DA:130,2
DA:131,2
DA:134,2
DA:136,2
DA:137,1
DA:138,0
DA:140,1
DA:150,1
DA:153,0
DA:154,0
LF:53
LH:34
BRDA:31,0,0,1
BRDA:31,0,1,1
BRDA:37,1,0,1
BRDA:37,1,1,0
BRDA:75,2,0,0
BRDA:75,2,1,1
BRDA:114,3,0,0
BRDA:114,3,1,0
BRDA:136,4,0,1
BRDA:136,4,1,1
BRDA:137,5,0,0
BRDA:137,5,1,1
BRF:12
BRH:7
end_of_record
TN:
SF:routes/eventRoutes.js
FN:7,(anonymous_0)
FN:17,(anonymous_1)
FN:33,(anonymous_2)
FN:40,(anonymous_3)
FN:78,(anonymous_4)
FNF:5
FNH:5
FNDA:1,(anonymous_0)
FNDA:1,(anonymous_1)
FNDA:1,(anonymous_2)
FNDA:2,(anonymous_3)
FNDA:1,(anonymous_4)
DA:5,1
DA:7,1
DA:8,1
DA:9,0
DA:10,0
DA:11,0
DA:12,1
DA:17,1
DA:18,1
DA:20,1
DA:21,1
DA:22,1
DA:23,1
DA:24,1
DA:26,1
DA:28,1
DA:29,0
DA:32,1
DA:33,1
DA:35,1
DA:40,2
DA:49,1
DA:52,1
DA:53,1
DA:59,1
DA:64,1
DA:70,1
DA:72,0
DA:73,0
DA:78,1
DA:79,1
DA:80,1
DA:81,1
DA:82,1
DA:83,1
DA:85,0
DA:86,0
LF:37
LH:29
BRDA:8,0,0,0
BRDA:8,0,1,0
BRDA:8,0,2,0
BRDA:8,0,3,1
BRDA:28,1,0,0
BRDA:28,1,1,1
BRF:6
BRH:2
end_of_record
TN:
SF:routes/notificationRoutes.js
FN:9,(anonymous_0)
FN:20,(anonymous_1)
FN:21,(anonymous_2)
FN:47,(anonymous_3)
FN:86,(anonymous_4)
FN:129,(anonymous_5)
FN:144,(anonymous_6)
FNF:7
FNH:6
FNDA:2,(anonymous_0)
FNDA:23,(anonymous_1)
FNDA:23,(anonymous_2)
FNDA:2,(anonymous_3)
FNDA:2,(anonymous_4)
FNDA:0,(anonymous_5)
FNDA:2,(anonymous_6)
DA:6,1
DA:9,1
DA:10,2
DA:12,2
DA:13,2
DA:14,2
DA:15,2
DA:16,2
DA:18,2
DA:19,1
DA:20,1
DA:21,23
DA:22,23
DA:28,1
DA:33,0
DA:35,1
DA:36,0
DA:37,0
DA:41,0
DA:47,1
DA:48,2
DA:50,2
DA:51,2
DA:53,2
DA:55,2
DA:58,2
DA:60,2
DA:61,0
DA:64,2
DA:65,1
DA:69,1
DA:72,1
DA:77,1
DA:79,0
DA:80,0
DA:86,1
DA:87,2
DA:88,2
DA:89,2
DA:91,2
DA:92,2
DA:93,2
DA:95,2
DA:97,2
DA:99,2
DA:100,0
DA:104,2
DA:105,2
DA:108,0
DA:110,0
DA:117,0
DA:126,0
DA:129,0
DA:130,0
DA:136,0
DA:138,0
DA:139,0
DA:144,1
DA:145,2
DA:147,2
DA:148,2
DA:150,2
DA:152,2
DA:154,2
DA:155,0
DA:158,2
DA:159,2
DA:163,0
DA:168,0
DA:170,0
DA:171,0
LF:71
LH:49
BRDA:18,0,0,1
BRDA:18,0,1,1
BRDA:18,1,0,2
BRDA:18,1,1,1
BRDA:19,2,0,1
BRDA:19,2,1,0
BRDA:29,3,0,1
BRDA:29,3,1,0
BRDA:35,4,0,0
BRDA:35,4,1,1
BRDA:35,5,0,1
BRDA:35,5,1,0
BRDA:36,6,0,0
BRDA:36,6,1,0
BRDA:38,7,0,0
BRDA:38,7,1,0
BRDA:60,8,0,0
BRDA:60,8,1,2
BRDA:64,9,0,1
BRDA:64,9,1,1
BRDA:64,10,0,2
BRDA:64,10,1,2
BRDA:64,10,2,1
BRDA:99,11,0,0
BRDA:99,11,1,2
BRDA:104,12,0,2
BRDA:104,12,1,0
BRDA:154,13,0,0
BRDA:154,13,1,2
BRDA:158,14,0,2
BRDA:158,14,1,0
BRDA:158,15,0,2
BRDA:158,15,1,2
BRF:33
BRH:20
end_of_record
TN:
SF:routes/userEventRoutes.js
FN:9,(anonymous_0)
FN:28,(anonymous_1)
FNF:2
FNH:1
FNDA:0,(anonymous_0)
FNDA:6,(anonymous_1)
DA:6,1
DA:9,1
DA:10,0
DA:12,0
DA:13,0
DA:14,0
DA:16,0
DA:17,0
DA:18,0
DA:20,0
DA:22,0
DA:23,0
DA:28,1
DA:29,6
DA:31,6
DA:32,2
DA:35,4
DA:36,4
DA:37,4
DA:38,4
DA:40,4
DA:41,4
DA:42,1
DA:45,3
DA:46,3
DA:47,1
DA:50,2
DA:53,2
DA:59,2
DA:65,2
DA:70,2
DA:72,0
DA:73,0
LF:33
LH:21
BRDA:17,0,0,0
BRDA:17,0,1,0
BRDA:31,1,0,2
BRDA:31,1,1,4
BRDA:31,2,0,6
BRDA:31,2,1,5
BRDA:41,3,0,1
BRDA:41,3,1,3
BRDA:46,4,0,1
BRDA:46,4,1,2
BRF:10
BRH:8
end_of_record
TN:
SF:routes/userProfileRoutes.js
FN:8,(anonymous_0)
FN:23,(anonymous_1)
FNF:2
FNH:2
FNDA:2,(anonymous_0)
FNDA:4,(anonymous_1)
DA:5,1
DA:8,1
DA:9,2
DA:10,2
DA:11,2
DA:12,2
DA:15,2
DA:16,2
DA:18,0
DA:23,1
DA:24,4
DA:25,4
DA:26,4
DA:27,4
DA:29,4
DA:30,4
DA:35,4
DA:37,3
DA:38,3
DA:40,1
DA:43,0
DA:44,0
LF:22
LH:19
BRDA:15,0,0,2
BRDA:15,0,1,0
BRDA:35,1,0,3
BRDA:35,1,1,1
BRF:4
BRH:3
end_of_record
TN:
SF:routes/volunteerHistoryRoutes.js
FN:8,(anonymous_0)
FN:26,(anonymous_1)
FN:29,(anonymous_2)
FN:33,(anonymous_3)
FNF:4
FNH:4
FNDA:2,(anonymous_0)
FNDA:2,(anonymous_1)
FNDA:35,(anonymous_2)
FNDA:35,(anonymous_3)
DA:5,1
DA:8,1
DA:9,2
DA:11,2
DA:12,2
DA:13,2
DA:14,2
DA:15,2
DA:18,2
DA:20,2
DA:21,1
DA:25,1
DA:26,2
DA:29,1
DA:30,35
DA:32,35
DA:33,35
DA:34,35
DA:35,35
DA:46,1
DA:48,0
DA:49,0
LF:22
LH:20
BRDA:20,0,0,1
BRDA:20,0,1,1
BRDA:34,1,0,0
BRDA:34,1,1,35
BRDA:41,2,0,35
BRDA:41,2,1,0
BRDA:42,3,0,35
BRDA:42,3,1,0
BRF:8
BRH:5
end_of_record
TN:
SF:routes/volunteerMatchingRoutes.js
FN:8,(anonymous_0)
FN:21,(anonymous_1)
FN:34,(anonymous_2)
FN:45,(anonymous_3)
FN:46,(anonymous_4)
FN:47,(anonymous_5)
FN:48,(anonymous_6)
FN:49,(anonymous_7)
FN:61,(anonymous_8)
FNF:9
FNH:9
FNDA:1,(anonymous_0)
FNDA:1,(anonymous_1)
FNDA:1,(anonymous_2)
FNDA:7,(anonymous_3)
FNDA:7,(anonymous_4)
FNDA:7,(anonymous_5)
FNDA:7,(anonymous_6)
FNDA:8,(anonymous_7)
FNDA:3,(anonymous_8)
DA:5,1
DA:8,1
DA:9,1
DA:10,1
DA:11,1
DA:12,1
DA:13,1
DA:15,0
DA:16,0
DA:21,1
DA:22,1
DA:23,1
DA:24,1
DA:25,1
DA:26,1
DA:28,0
DA:29,0
DA:34,1
DA:35,1
DA:37,1
DA:38,1
DA:39,1
DA:40,1
DA:42,1
DA:43,1
DA:45,1
DA:46,7
DA:47,7
DA:48,7
DA:49,8
DA:53,1
DA:55,0
DA:56,0
DA:61,1
DA:62,3
DA:64,3
DA:65,1
DA:68,2
DA:69,2
DA:70,2
DA:71,2
DA:73,2
DA:74,2
DA:75,1
DA:78,1
DA:79,1
DA:80,0
DA:83,1
DA:85,1
DA:90,1
DA:92,0
DA:93,0
LF:52
LH:43
BRDA:48,0,0,7
BRDA:48,0,1,5
BRDA:64,1,0,1
BRDA:64,1,1,2
BRDA:64,2,0,3
BRDA:64,2,1,3
BRDA:74,3,0,1
BRDA:74,3,1,1
BRDA:79,4,0,0
BRDA:79,4,1,1
BRF:10
BRH:9
end_of_record
